<?xml version="1.0" encoding="UTF-8"?>
<!-- Generated by org.testng.reporters.JUnitXMLReporter -->
<testsuite ignored="0" hostname="DESKTOP-CM623GF" failures="1" tests="1" name="Test" time="5.563" errors="0" timestamp="2023-02-14T15:13:29 IST">
  <testcase classname="Vidpitch_Scheduler.Video_Scheduler" name="Check_Video_Schedular" time="5.514">
    <failure type="java.lang.AssertionError" message="expected [complete] but found [active]">
      <![CDATA[java.lang.AssertionError: expected [complete] but found [active]
at Vidpitch_Scheduler.Video_Scheduler.Check_Video_Schedular(Video_Scheduler.java:112)
at java.base/java.util.ArrayList.forEach(ArrayList.java:1511)
... Removed 31 stack frames]]>
    </failure>
  </testcase> <!-- Check_Video_Schedular -->
</testsuite> <!-- Test -->
